TN:
SF:/Users/thomasbarrett/coding/concertspot/src/client/app/config.js
FN:82,(anonymous_0)
FNF:1
FNH:1
FNDA:1,(anonymous_0)
DA:3,1
DA:7,1
DA:8,1
DA:10,1
DA:78,1
DA:79,1
DA:82,1
DA:83,1
DA:84,1
DA:87,0
DA:89,0
DA:91,0
DA:93,0
LF:13
LH:9
BRDA:11,0,0,1
BRDA:11,0,1,1
BRDA:49,1,0,0
BRDA:49,1,1,1
BRDA:83,2,0,1
BRDA:83,2,1,0
BRF:6
BRH:4
end_of_record
TN:
SF:/Users/thomasbarrett/coding/concertspot/src/client/app/actions/index.js
FN:7,(anonymous_0)
FN:35,_interopRequireDefault
FN:39,toggleEvent
FN:46,openEvent
FN:53,closeEvent
FN:62,setMapCenter
FN:69,setMapZoom
FN:78,submitSearch
FN:79,(anonymous_8)
FN:93,addSearch
FN:100,setCurrentSearch
FN:109,fetchEventsRequest
FN:116,fetchEventsSuccess
FN:124,fetchEventsFailure
FN:139,delay
FN:140,(anonymous_15)
FN:145,handleErrors
FN:156,catchErrors
FN:164,(anonymous_18)
FN:170,fetchEvents
FN:171,(anonymous_20)
FN:188,(anonymous_21)
FN:190,(anonymous_22)
FN:192,(anonymous_23)
FN:198,checkIfReady
FN:199,(anonymous_25)
FN:206,(anonymous_26)
FN:208,(anonymous_27)
FN:210,(anonymous_28)
FN:217,(anonymous_29)
FNF:30
FNH:28
FNDA:0,(anonymous_0)
FNDA:3,_interopRequireDefault
FNDA:1,toggleEvent
FNDA:1,openEvent
FNDA:1,closeEvent
FNDA:1,setMapCenter
FNDA:1,setMapZoom
FNDA:1,submitSearch
FNDA:1,(anonymous_8)
FNDA:2,addSearch
FNDA:2,setCurrentSearch
FNDA:5,fetchEventsRequest
FNDA:3,fetchEventsSuccess
FNDA:2,fetchEventsFailure
FNDA:1,delay
FNDA:1,(anonymous_15)
FNDA:4,handleErrors
FNDA:2,catchErrors
FNDA:1,(anonymous_18)
FNDA:3,fetchEvents
FNDA:3,(anonymous_20)
FNDA:1,(anonymous_21)
FNDA:1,(anonymous_22)
FNDA:2,(anonymous_23)
FNDA:1,checkIfReady
FNDA:1,(anonymous_25)
FNDA:1,(anonymous_26)
FNDA:1,(anonymous_27)
FNDA:0,(anonymous_28)
FNDA:1,(anonymous_29)
DA:3,1
DA:7,1
DA:9,1
DA:10,1
DA:11,1
DA:12,1
DA:13,1
DA:14,1
DA:15,1
DA:16,1
DA:17,1
DA:18,1
DA:19,1
DA:20,1
DA:21,1
DA:23,1
DA:25,1
DA:27,1
DA:29,1
DA:31,1
DA:33,1
DA:35,3
DA:40,1
DA:47,1
DA:54,1
DA:63,1
DA:70,1
DA:79,1
DA:80,1
DA:82,1
DA:84,1
DA:87,1
DA:88,1
DA:89,1
DA:94,2
DA:101,2
DA:110,5
DA:117,3
DA:125,2
DA:140,1
DA:141,1
DA:146,4
DA:147,1
DA:148,1
DA:149,1
DA:150,3
DA:151,1
DA:153,2
DA:157,2
DA:158,1
DA:159,1
DA:161,1
DA:163,1
DA:164,1
DA:165,1
DA:171,3
DA:172,3
DA:173,3
DA:189,1
DA:191,1
DA:193,2
DA:199,1
DA:200,1
DA:201,1
DA:207,1
DA:209,1
DA:211,0
DA:217,1
DA:218,1
DA:219,1
DA:222,0
DA:224,0
DA:226,0
DA:228,0
DA:230,0
DA:232,0
DA:234,0
DA:236,0
DA:238,0
DA:240,0
DA:242,0
DA:244,0
DA:246,0
DA:248,0
DA:250,0
DA:252,0
LF:86
LH:69
BRDA:7,0,0,1
BRDA:7,0,1,0
BRDA:7,1,0,0
BRDA:7,1,1,0
BRDA:35,2,0,1
BRDA:35,2,1,2
BRDA:35,3,0,3
BRDA:35,3,1,3
BRDA:146,4,0,1
BRDA:146,4,1,3
BRDA:150,5,0,1
BRDA:150,5,1,2
BRDA:157,6,0,1
BRDA:157,6,1,1
BRDA:158,7,0,1
BRDA:158,7,1,0
BRDA:163,8,0,1
BRDA:163,8,1,0
BRDA:218,9,0,1
BRDA:218,9,1,0
BRF:20
BRH:14
end_of_record
TN:
SF:/Users/thomasbarrett/coding/concertspot/src/client/app/reducers/index.js
FN:8,(anonymous_0)
FN:8,(anonymous_1)
FN:10,(anonymous_2)
FN:29,_interopRequireDefault
FN:31,_defineProperty
FN:40,map
FN:64,(anonymous_6)
FN:91,events
FN:98,$apply
FN:104,$apply
FN:110,$apply
FN:116,(anonymous_11)
FN:118,(anonymous_12)
FN:140,currentSearch
FN:165,searches
FN:187,fetch
FN:208,(anonymous_16)
FN:235,searchInput
FN:280,(anonymous_18)
FNF:19
FNH:17
FNDA:1,(anonymous_0)
FNDA:0,(anonymous_1)
FNDA:0,(anonymous_2)
FNDA:2,_interopRequireDefault
FNDA:9,_defineProperty
FNDA:7,map
FNDA:1,(anonymous_6)
FNDA:8,events
FNDA:2,$apply
FNDA:1,$apply
FNDA:1,$apply
FNDA:1,(anonymous_11)
FNDA:1,(anonymous_12)
FNDA:4,currentSearch
FNDA:7,searches
FNDA:3,fetch
FNDA:1,(anonymous_16)
FNDA:4,searchInput
FNDA:1,(anonymous_18)
DA:3,1
DA:6,1
DA:8,1
DA:10,1
DA:12,1
DA:13,1
DA:14,1
DA:15,1
DA:17,1
DA:19,1
DA:21,1
DA:23,1
DA:25,1
DA:27,1
DA:29,2
DA:31,9
DA:41,7
DA:42,7
DA:44,7
DA:47,1
DA:48,1
DA:52,1
DA:53,1
DA:57,1
DA:63,1
DA:65,1
DA:80,3
DA:92,8
DA:93,8
DA:95,8
DA:98,2
DA:99,2
DA:104,1
DA:105,1
DA:110,1
DA:111,1
DA:116,1
DA:117,1
DA:118,1
DA:119,1
DA:121,1
DA:126,1
DA:130,3
DA:141,4
DA:142,4
DA:144,4
DA:147,1
DA:151,3
DA:166,7
DA:167,7
DA:169,7
DA:172,1
DA:178,3
DA:182,3
DA:188,3
DA:193,3
DA:195,3
DA:198,1
DA:205,1
DA:209,1
DA:210,1
DA:216,1
DA:223,0
DA:234,1
DA:236,4
DA:237,4
DA:239,4
DA:242,1
DA:243,1
DA:244,1
DA:245,1
DA:246,1
DA:247,1
DA:249,1
DA:261,3
DA:267,1
DA:269,1
DA:277,1
DA:280,1
DA:281,1
DA:282,1
DA:285,0
DA:287,0
DA:289,0
DA:291,0
DA:293,0
DA:295,0
DA:297,0
DA:299,0
LF:89
LH:80
BRDA:8,0,0,1
BRDA:8,0,1,0
BRDA:8,1,0,1
BRDA:8,1,1,1
BRDA:8,2,0,0
BRDA:8,2,1,0
BRDA:8,3,0,0
BRDA:8,3,1,0
BRDA:8,3,2,0
BRDA:10,4,0,1
BRDA:10,4,1,0
BRDA:10,5,0,0
BRDA:10,5,1,0
BRDA:29,6,0,1
BRDA:29,6,1,1
BRDA:29,7,0,2
BRDA:29,7,1,2
BRDA:31,8,0,0
BRDA:31,8,1,9
BRDA:41,9,0,2
BRDA:41,9,1,5
BRDA:41,10,0,7
BRDA:41,10,1,7
BRDA:44,11,0,1
BRDA:44,11,1,1
BRDA:44,11,2,1
BRDA:44,11,3,1
BRDA:44,11,4,3
BRDA:92,12,0,2
BRDA:92,12,1,6
BRDA:92,13,0,8
BRDA:92,13,1,8
BRDA:95,14,0,2
BRDA:95,14,1,1
BRDA:95,14,2,1
BRDA:95,14,3,1
BRDA:95,14,4,3
BRDA:126,15,0,1
BRDA:126,15,1,0
BRDA:126,16,0,0
BRDA:126,16,1,1
BRDA:141,17,0,2
BRDA:141,17,1,2
BRDA:141,18,0,4
BRDA:141,18,1,4
BRDA:144,19,0,1
BRDA:144,19,1,3
BRDA:166,20,0,3
BRDA:166,20,1,4
BRDA:166,21,0,7
BRDA:166,21,1,7
BRDA:169,22,0,1
BRDA:169,22,1,1
BRDA:169,22,2,2
BRDA:169,22,3,3
BRDA:169,22,4,3
BRDA:188,23,0,0
BRDA:188,23,1,3
BRDA:188,24,0,3
BRDA:188,24,1,3
BRDA:195,25,0,1
BRDA:195,25,1,1
BRDA:195,25,2,1
BRDA:195,25,3,0
BRDA:236,26,0,2
BRDA:236,26,1,2
BRDA:236,27,0,4
BRDA:236,27,1,4
BRDA:239,28,0,1
BRDA:239,28,1,3
BRDA:281,29,0,1
BRDA:281,29,1,0
BRF:72
BRH:57
end_of_record
TN:
SF:/Users/thomasbarrett/coding/concertspot/src/client/app/scripts/random.js
FN:7,randomInt
FN:12,(anonymous_1)
FNF:2
FNH:2
FNDA:4,randomInt
FNDA:1,(anonymous_1)
DA:3,1
DA:6,1
DA:8,4
DA:12,1
DA:13,1
DA:14,1
DA:17,0
LF:7
LH:6
BRDA:13,0,0,1
BRDA:13,0,1,0
BRF:2
BRH:1
end_of_record
